Performing C SOURCE FILE Test CMAKE_HAVE_LIBC_PTHREAD failed with the following output:
Change Dir: /home/skadic/Dokumente/Uni/FP/FreeRTOS-Emulator-tests/cmake-build-debug/CMakeFiles/CMakeTmp

Run Build Command(s):/usr/bin/make cmTC_1edd4/fast && /usr/bin/make -f CMakeFiles/cmTC_1edd4.dir/build.make CMakeFiles/cmTC_1edd4.dir/build
make[1]: Verzeichnis „/home/skadic/Dokumente/Uni/FP/FreeRTOS-Emulator-tests/cmake-build-debug/CMakeFiles/CMakeTmp“ wird betreten
Building C object CMakeFiles/cmTC_1edd4.dir/src.c.o
/usr/bin/cc   -DCMAKE_HAVE_LIBC_PTHREAD   -o CMakeFiles/cmTC_1edd4.dir/src.c.o   -c /home/skadic/Dokumente/Uni/FP/FreeRTOS-Emulator-tests/cmake-build-debug/CMakeFiles/CMakeTmp/src.c
Linking C executable cmTC_1edd4
/home/skadic/.local/share/JetBrains/Toolbox/apps/CLion/ch-0/192.6817.18/bin/cmake/linux/bin/cmake -E cmake_link_script CMakeFiles/cmTC_1edd4.dir/link.txt --verbose=1
/usr/bin/cc  -DCMAKE_HAVE_LIBC_PTHREAD    CMakeFiles/cmTC_1edd4.dir/src.c.o  -o cmTC_1edd4 
/usr/bin/ld: CMakeFiles/cmTC_1edd4.dir/src.c.o: in function `main':
src.c:(.text+0x3e): undefined reference to `pthread_create'
/usr/bin/ld: src.c:(.text+0x4a): undefined reference to `pthread_detach'
/usr/bin/ld: src.c:(.text+0x5b): undefined reference to `pthread_join'
collect2: Fehler: ld gab 1 als Ende-Status zurück
make[1]: *** [CMakeFiles/cmTC_1edd4.dir/build.make:87: cmTC_1edd4] Fehler 1
make[1]: Verzeichnis „/home/skadic/Dokumente/Uni/FP/FreeRTOS-Emulator-tests/cmake-build-debug/CMakeFiles/CMakeTmp“ wird verlassen
make: *** [Makefile:121: cmTC_1edd4/fast] Fehler 2


Source file was:
#include <pthread.h>

void* test_func(void* data)
{
  return data;
}

int main(void)
{
  pthread_t thread;
  pthread_create(&thread, NULL, test_func, NULL);
  pthread_detach(thread);
  pthread_join(thread, NULL);
  pthread_atfork(NULL, NULL, NULL);
  pthread_exit(NULL);

  return 0;
}

Determining if the function pthread_create exists in the pthreads failed with the following output:
Change Dir: /home/skadic/Dokumente/Uni/FP/FreeRTOS-Emulator-tests/cmake-build-debug/CMakeFiles/CMakeTmp

Run Build Command(s):/usr/bin/make cmTC_ab60c/fast && /usr/bin/make -f CMakeFiles/cmTC_ab60c.dir/build.make CMakeFiles/cmTC_ab60c.dir/build
make[1]: Verzeichnis „/home/skadic/Dokumente/Uni/FP/FreeRTOS-Emulator-tests/cmake-build-debug/CMakeFiles/CMakeTmp“ wird betreten
Building C object CMakeFiles/cmTC_ab60c.dir/CheckFunctionExists.c.o
/usr/bin/cc   -DCHECK_FUNCTION_EXISTS=pthread_create   -o CMakeFiles/cmTC_ab60c.dir/CheckFunctionExists.c.o   -c /home/skadic/.local/share/JetBrains/Toolbox/apps/CLion/ch-0/192.6817.18/bin/cmake/linux/share/cmake-3.15/Modules/CheckFunctionExists.c
Linking C executable cmTC_ab60c
/home/skadic/.local/share/JetBrains/Toolbox/apps/CLion/ch-0/192.6817.18/bin/cmake/linux/bin/cmake -E cmake_link_script CMakeFiles/cmTC_ab60c.dir/link.txt --verbose=1
/usr/bin/cc  -DCHECK_FUNCTION_EXISTS=pthread_create    CMakeFiles/cmTC_ab60c.dir/CheckFunctionExists.c.o  -o cmTC_ab60c -lpthreads 
/usr/bin/ld: cannot find -lpthreads
collect2: Fehler: ld gab 1 als Ende-Status zurück
make[1]: *** [CMakeFiles/cmTC_ab60c.dir/build.make:87: cmTC_ab60c] Fehler 1
make[1]: Verzeichnis „/home/skadic/Dokumente/Uni/FP/FreeRTOS-Emulator-tests/cmake-build-debug/CMakeFiles/CMakeTmp“ wird verlassen
make: *** [Makefile:121: cmTC_ab60c/fast] Fehler 2



