Performing C SOURCE FILE Test CMAKE_HAVE_LIBC_PTHREAD failed with the following output:
Change Dir: /home/skadic/Dokumente/Uni/FP/FreeRTOS-Emulator-master/build/CMakeFiles/CMakeTmp

Run Build Command(s):/usr/bin/make cmTC_f4e13/fast && /usr/bin/make  -f CMakeFiles/cmTC_f4e13.dir/build.make CMakeFiles/cmTC_f4e13.dir/build
make[1]: Verzeichnis „/home/skadic/Dokumente/Uni/FP/FreeRTOS-Emulator-master/build/CMakeFiles/CMakeTmp“ wird betreten
Building C object CMakeFiles/cmTC_f4e13.dir/src.c.o
/usr/bin/cc   -DCMAKE_HAVE_LIBC_PTHREAD   -o CMakeFiles/cmTC_f4e13.dir/src.c.o   -c /home/skadic/Dokumente/Uni/FP/FreeRTOS-Emulator-master/build/CMakeFiles/CMakeTmp/src.c
Linking C executable cmTC_f4e13
/usr/bin/cmake -E cmake_link_script CMakeFiles/cmTC_f4e13.dir/link.txt --verbose=1
/usr/bin/cc  -DCMAKE_HAVE_LIBC_PTHREAD    CMakeFiles/cmTC_f4e13.dir/src.c.o  -o cmTC_f4e13 
/usr/bin/ld: CMakeFiles/cmTC_f4e13.dir/src.c.o: in function `main':
src.c:(.text+0x3e): undefined reference to `pthread_create'
/usr/bin/ld: src.c:(.text+0x4a): undefined reference to `pthread_detach'
/usr/bin/ld: src.c:(.text+0x56): undefined reference to `pthread_cancel'
/usr/bin/ld: src.c:(.text+0x67): undefined reference to `pthread_join'
collect2: Fehler: ld gab 1 als Ende-Status zurück
make[1]: *** [CMakeFiles/cmTC_f4e13.dir/build.make:107: cmTC_f4e13] Fehler 1
make[1]: Verzeichnis „/home/skadic/Dokumente/Uni/FP/FreeRTOS-Emulator-master/build/CMakeFiles/CMakeTmp“ wird verlassen
make: *** [Makefile:141: cmTC_f4e13/fast] Fehler 2


Source file was:
#include <pthread.h>

void* test_func(void* data)
{
  return data;
}

int main(void)
{
  pthread_t thread;
  pthread_create(&thread, NULL, test_func, NULL);
  pthread_detach(thread);
  pthread_cancel(thread);
  pthread_join(thread, NULL);
  pthread_atfork(NULL, NULL, NULL);
  pthread_exit(NULL);

  return 0;
}

Determining if the function pthread_create exists in the pthreads failed with the following output:
Change Dir: /home/skadic/Dokumente/Uni/FP/FreeRTOS-Emulator-master/build/CMakeFiles/CMakeTmp

Run Build Command(s):/usr/bin/make cmTC_89c2f/fast && /usr/bin/make  -f CMakeFiles/cmTC_89c2f.dir/build.make CMakeFiles/cmTC_89c2f.dir/build
make[1]: Verzeichnis „/home/skadic/Dokumente/Uni/FP/FreeRTOS-Emulator-master/build/CMakeFiles/CMakeTmp“ wird betreten
Building C object CMakeFiles/cmTC_89c2f.dir/CheckFunctionExists.c.o
/usr/bin/cc   -DCHECK_FUNCTION_EXISTS=pthread_create   -o CMakeFiles/cmTC_89c2f.dir/CheckFunctionExists.c.o   -c /usr/share/cmake-3.17/Modules/CheckFunctionExists.c
Linking C executable cmTC_89c2f
/usr/bin/cmake -E cmake_link_script CMakeFiles/cmTC_89c2f.dir/link.txt --verbose=1
/usr/bin/cc  -DCHECK_FUNCTION_EXISTS=pthread_create    CMakeFiles/cmTC_89c2f.dir/CheckFunctionExists.c.o  -o cmTC_89c2f  -lpthreads 
/usr/bin/ld: cannot find -lpthreads
collect2: Fehler: ld gab 1 als Ende-Status zurück
make[1]: *** [CMakeFiles/cmTC_89c2f.dir/build.make:107: cmTC_89c2f] Fehler 1
make[1]: Verzeichnis „/home/skadic/Dokumente/Uni/FP/FreeRTOS-Emulator-master/build/CMakeFiles/CMakeTmp“ wird verlassen
make: *** [Makefile:141: cmTC_89c2f/fast] Fehler 2



